# Logfile created on 2013-03-06 10:50:31 +0100 by logger.rb/31641
I, [2013-03-06T17:07:43.236272 #89098]  INFO -- : 005236a031d60625777656ab94e97cbc.jpg
I, [2013-03-06T17:07:47.010937 #89098]  INFO -- : 005236a031d60625777656ab94e97cbc_large.jpg
I, [2013-03-06T17:07:49.339339 #89098]  INFO -- : 005236a031d60625777656ab94e97cbc_medium.jpg
I, [2013-03-06T17:07:51.670429 #89098]  INFO -- : 005236a031d60625777656ab94e97cbc_mini.jpg
I, [2013-03-06T17:07:53.168589 #89098]  INFO -- : 005236a031d60625777656ab94e97cbc_preview.jpg
I, [2013-03-06T17:07:54.323418 #89098]  INFO -- : 005236a031d60625777656ab94e97cbc_small.jpg
I, [2013-03-06T17:07:56.591273 #89098]  INFO -- : 005236a031d60625777656ab94e97cbc_thumb.jpg
I, [2013-03-06T17:07:57.919976 #89098]  INFO -- : 00599c60a079dafd06a4c5909e3bd753.jpg
I, [2013-03-06T17:12:54.661105 #89419]  INFO -- : 00599c60a079dafd06a4c5909e3bd753.jpg
I, [2013-03-06T17:13:53.643759 #89419]  INFO -- : 00599c60a079dafd06a4c5909e3bd753_hd.jpg
I, [2013-03-06T17:14:05.219537 #89419]  INFO -- : 00599c60a079dafd06a4c5909e3bd753_large.jpg
I, [2013-03-06T17:14:13.859553 #89419]  INFO -- : 00599c60a079dafd06a4c5909e3bd753_medium.jpg
I, [2013-03-06T17:14:18.028076 #89419]  INFO -- : 00599c60a079dafd06a4c5909e3bd753_mini.jpg
I, [2013-03-06T17:14:19.978774 #89419]  INFO -- : 00599c60a079dafd06a4c5909e3bd753_preview.jpg
I, [2013-03-06T17:14:22.135093 #89419]  INFO -- : 00599c60a079dafd06a4c5909e3bd753_small.jpg
I, [2013-03-06T17:14:24.481457 #89419]  INFO -- : 00599c60a079dafd06a4c5909e3bd753_thumb.jpg
I, [2013-03-06T17:14:26.448854 #89419]  INFO -- : 0078f4919e4dade248a3c12b7106b071.jpg
I, [2013-03-06T17:14:33.156674 #89419]  INFO -- : 0078f4919e4dade248a3c12b7106b071_hd.jpg
I, [2013-03-06T17:14:39.802095 #89419]  INFO -- : 0078f4919e4dade248a3c12b7106b071_large.jpg
I, [2013-03-06T17:14:46.972080 #89419]  INFO -- : 0078f4919e4dade248a3c12b7106b071_large_mobile.jpg
I, [2013-03-06T17:14:50.951660 #89419]  INFO -- : 0078f4919e4dade248a3c12b7106b071_medium.jpg
I, [2013-03-06T17:14:54.778331 #89419]  INFO -- : 0078f4919e4dade248a3c12b7106b071_medium_mobile.jpg
I, [2013-03-06T17:14:57.113580 #89419]  INFO -- : 0078f4919e4dade248a3c12b7106b071_mini.jpg
I, [2013-03-06T17:14:58.378033 #89419]  INFO -- : 0078f4919e4dade248a3c12b7106b071_preview.jpg
I, [2013-03-06T17:15:00.586612 #89419]  INFO -- : 0078f4919e4dade248a3c12b7106b071_small.jpg
I, [2013-03-06T17:15:03.290595 #89419]  INFO -- : 0078f4919e4dade248a3c12b7106b071_thumb.jpg
I, [2013-03-06T17:15:04.608001 #89419]  INFO -- : 00c8bdd013bebfac9197db5e415bb781.jpg
I, [2013-03-06T17:15:21.520212 #89419]  INFO -- : 00c8bdd013bebfac9197db5e415bb781_hd.jpg
I, [2013-03-06T17:15:33.120383 #89419]  INFO -- : 00c8bdd013bebfac9197db5e415bb781_large.jpg
I, [2013-03-06T17:15:44.706807 #89419]  INFO -- : 00c8bdd013bebfac9197db5e415bb781_medium.jpg
I, [2013-03-06T17:15:51.383393 #89419]  INFO -- : 00c8bdd013bebfac9197db5e415bb781_mini.jpg
I, [2013-03-06T17:15:53.647301 #89419]  INFO -- : 00c8bdd013bebfac9197db5e415bb781_preview.jpg
I, [2013-03-06T17:15:56.273293 #89419]  INFO -- : 00c8bdd013bebfac9197db5e415bb781_small.jpg
I, [2013-03-06T17:16:00.050062 #89419]  INFO -- : 00c8bdd013bebfac9197db5e415bb781_thumb.jpg
I, [2013-03-06T17:16:02.342548 #89419]  INFO -- : 00d0d6d05c2f3849a95fce2ff4b2691e.jpg
I, [2013-03-06T17:16:03.767723 #89419]  INFO -- : 00d0d6d05c2f3849a95fce2ff4b2691e_hd.jpg
I, [2013-03-06T17:16:05.084326 #89419]  INFO -- : 00d0d6d05c2f3849a95fce2ff4b2691e_large.jpg
I, [2013-03-06T17:16:06.401201 #89419]  INFO -- : 00d0d6d05c2f3849a95fce2ff4b2691e_medium.jpg
I, [2013-03-06T17:16:07.681220 #89419]  INFO -- : 00d0d6d05c2f3849a95fce2ff4b2691e_mini.jpg
I, [2013-03-06T17:16:09.112408 #89419]  INFO -- : 00d0d6d05c2f3849a95fce2ff4b2691e_preview.jpg
I, [2013-03-06T17:16:10.494004 #89419]  INFO -- : 00d0d6d05c2f3849a95fce2ff4b2691e_small.jpg
I, [2013-03-06T17:16:12.024736 #89419]  INFO -- : 00d0d6d05c2f3849a95fce2ff4b2691e_thumb.jpg
I, [2013-03-06T17:16:13.555594 #89419]  INFO -- : 00fef96f94ae56a9b68ca9d31d4a310b.jpg
I, [2013-03-06T17:16:16.017608 #89419]  INFO -- : 00fef96f94ae56a9b68ca9d31d4a310b_large.jpg
I, [2013-03-06T17:16:18.545311 #89419]  INFO -- : 00fef96f94ae56a9b68ca9d31d4a310b_medium.jpg
I, [2013-03-06T17:16:21.012276 #89419]  INFO -- : 00fef96f94ae56a9b68ca9d31d4a310b_mini.jpg
I, [2013-03-06T17:16:22.205559 #89419]  INFO -- : 00fef96f94ae56a9b68ca9d31d4a310b_preview.jpg
I, [2013-03-06T17:16:23.689082 #89419]  INFO -- : 00fef96f94ae56a9b68ca9d31d4a310b_small.jpg
I, [2013-03-06T17:16:25.341750 #89419]  INFO -- : 00fef96f94ae56a9b68ca9d31d4a310b_thumb.jpg
I, [2013-03-06T17:16:26.756787 #89419]  INFO -- : 0106557ab83b13e02a4bcab85c30d1a1.jpg
I, [2013-03-06T17:17:25.207976 #89419]  INFO -- : 0106557ab83b13e02a4bcab85c30d1a1_hd.jpg
I, [2013-03-06T17:17:36.562907 #89419]  INFO -- : 0106557ab83b13e02a4bcab85c30d1a1_large.jpg
I, [2013-03-06T17:17:42.408350 #89419]  INFO -- : 0106557ab83b13e02a4bcab85c30d1a1_medium.jpg
I, [2013-03-06T17:17:46.226995 #89419]  INFO -- : 0106557ab83b13e02a4bcab85c30d1a1_mini.jpg
I, [2013-03-06T17:17:48.257941 #89419]  INFO -- : 0106557ab83b13e02a4bcab85c30d1a1_preview.jpg
I, [2013-03-06T17:17:50.216100 #89419]  INFO -- : 0106557ab83b13e02a4bcab85c30d1a1_small.jpg
I, [2013-03-06T17:17:52.858254 #89419]  INFO -- : 0106557ab83b13e02a4bcab85c30d1a1_thumb.jpg
I, [2013-03-06T17:17:54.582612 #89419]  INFO -- : 010bd4a0b3ea2e22ad629a26d83d6ece.jpg
I, [2013-03-06T17:18:02.932213 #89419]  INFO -- : 010bd4a0b3ea2e22ad629a26d83d6ece_large.jpg
I, [2013-03-06T17:18:05.523300 #89419]  INFO -- : 010bd4a0b3ea2e22ad629a26d83d6ece_medium.jpg
I, [2013-03-06T17:18:07.645095 #89419]  INFO -- : 010bd4a0b3ea2e22ad629a26d83d6ece_mini.jpg
I, [2013-03-06T17:18:09.605477 #89419]  INFO -- : 010bd4a0b3ea2e22ad629a26d83d6ece_preview.jpg
I, [2013-03-06T17:18:11.392799 #89419]  INFO -- : 010bd4a0b3ea2e22ad629a26d83d6ece_small.jpg
I, [2013-03-06T17:18:13.428495 #89419]  INFO -- : 010bd4a0b3ea2e22ad629a26d83d6ece_thumb.jpg
I, [2013-03-06T17:18:14.977224 #89419]  INFO -- : 010ec127d110c1ca451e10a1d0ce6e99.jpg
I, [2013-03-06T17:18:25.879700 #89419]  INFO -- : 010ec127d110c1ca451e10a1d0ce6e99_hd.jpg
I, [2013-03-06T17:18:32.382043 #89419]  INFO -- : 010ec127d110c1ca451e10a1d0ce6e99_large.jpg
I, [2013-03-06T17:18:37.464006 #89419]  INFO -- : 010ec127d110c1ca451e10a1d0ce6e99_medium.jpg
I, [2013-03-06T17:18:42.827725 #89419]  INFO -- : 010ec127d110c1ca451e10a1d0ce6e99_mini.jpg
I, [2013-03-06T17:18:45.144487 #89419]  INFO -- : 010ec127d110c1ca451e10a1d0ce6e99_preview.jpg
I, [2013-03-06T17:18:47.135256 #89419]  INFO -- : 010ec127d110c1ca451e10a1d0ce6e99_small.jpg
I, [2013-03-06T17:18:49.658300 #89419]  INFO -- : 010ec127d110c1ca451e10a1d0ce6e99_thumb.jpg
I, [2013-03-06T17:18:51.485619 #89419]  INFO -- : 01275aafeef0902d347b243bb006cb6e_hd.jpg
I, [2013-03-06T17:18:54.982822 #89419]  INFO -- : 01275aafeef0902d347b243bb006cb6e_large.jpg
I, [2013-03-06T17:18:58.199001 #89419]  INFO -- : 01275aafeef0902d347b243bb006cb6e_medium.jpg
I, [2013-03-06T17:19:00.675476 #89419]  INFO -- : 01275aafeef0902d347b243bb006cb6e_mini.jpg
I, [2013-03-06T17:19:02.201809 #89419]  INFO -- : 01275aafeef0902d347b243bb006cb6e_preview.jpg
I, [2013-03-06T17:19:03.791714 #89419]  INFO -- : 01275aafeef0902d347b243bb006cb6e_small.jpg
I, [2013-03-06T17:19:05.631324 #89419]  INFO -- : 01275aafeef0902d347b243bb006cb6e_thumb.jpg
I, [2013-03-06T17:19:06.971608 #89419]  INFO -- : 013e055e984caf2e31ac3f6af2bfce3f.jpg
I, [2013-03-06T17:20:07.402757 #89419]  INFO -- : 013e055e984caf2e31ac3f6af2bfce3f_hd.jpg
I, [2013-03-06T17:20:19.046115 #89419]  INFO -- : 013e055e984caf2e31ac3f6af2bfce3f_large.jpg
I, [2013-03-06T17:20:26.301290 #89419]  INFO -- : 013e055e984caf2e31ac3f6af2bfce3f_medium.jpg
I, [2013-03-06T17:20:31.257024 #89419]  INFO -- : 013e055e984caf2e31ac3f6af2bfce3f_mini.jpg
I, [2013-03-06T17:20:33.231630 #89419]  INFO -- : 013e055e984caf2e31ac3f6af2bfce3f_preview.jpg
I, [2013-03-06T17:20:35.441587 #89419]  INFO -- : 013e055e984caf2e31ac3f6af2bfce3f_small.jpg
I, [2013-03-06T17:20:38.188571 #89419]  INFO -- : 013e055e984caf2e31ac3f6af2bfce3f_thumb.jpg
I, [2013-03-06T17:20:40.277006 #89419]  INFO -- : 0149c9b85d43ffc114ad85a7a22b480a.jpg
I, [2013-03-06T17:21:40.126622 #89419]  INFO -- : 0149c9b85d43ffc114ad85a7a22b480a_hd.jpg
I, [2013-03-06T17:21:50.506771 #89419]  INFO -- : 0149c9b85d43ffc114ad85a7a22b480a_large.jpg
I, [2013-03-06T17:21:56.356287 #89419]  INFO -- : 0149c9b85d43ffc114ad85a7a22b480a_medium.jpg
I, [2013-03-06T17:22:00.198327 #89419]  INFO -- : 0149c9b85d43ffc114ad85a7a22b480a_mini.jpg
I, [2013-03-06T17:22:02.376125 #89419]  INFO -- : 0149c9b85d43ffc114ad85a7a22b480a_preview.jpg
I, [2013-03-06T17:22:04.357321 #89419]  INFO -- : 0149c9b85d43ffc114ad85a7a22b480a_small.jpg
I, [2013-03-06T17:22:06.854510 #89419]  INFO -- : 0149c9b85d43ffc114ad85a7a22b480a_thumb.jpg
I, [2013-03-06T17:22:09.030856 #89419]  INFO -- : 01a81abb479e0a927e624b2d42e4af51.jpg
I, [2013-03-06T17:22:18.433528 #89419]  INFO -- : 01a81abb479e0a927e624b2d42e4af51_hd.jpg
I, [2013-03-06T17:22:31.814265 #89419]  INFO -- : 01a81abb479e0a927e624b2d42e4af51_large.jpg
I, [2013-03-06T17:22:39.260010 #89419]  INFO -- : 01a81abb479e0a927e624b2d42e4af51_medium.jpg
I, [2013-03-06T17:22:43.567507 #89419]  INFO -- : 01a81abb479e0a927e624b2d42e4af51_mini.jpg
I, [2013-03-06T17:22:45.489832 #89419]  INFO -- : 01a81abb479e0a927e624b2d42e4af51_preview.jpg
I, [2013-03-06T17:22:47.790564 #89419]  INFO -- : 01a81abb479e0a927e624b2d42e4af51_small.jpg
I, [2013-03-06T17:22:50.429053 #89419]  INFO -- : 01a81abb479e0a927e624b2d42e4af51_thumb.jpg
I, [2013-03-06T17:22:52.275091 #89419]  INFO -- : 01ab259e8eee8a5375c981ca6be68415.jpg
I, [2013-03-06T17:23:04.244982 #89419]  INFO -- : 01ab259e8eee8a5375c981ca6be68415_hd.jpg
I, [2013-03-06T17:23:12.576922 #89419]  INFO -- : 01ab259e8eee8a5375c981ca6be68415_large.jpg
I, [2013-03-06T17:23:20.516266 #89419]  INFO -- : 01ab259e8eee8a5375c981ca6be68415_medium.jpg
I, [2013-03-06T17:23:25.175078 #89419]  INFO -- : 01ab259e8eee8a5375c981ca6be68415_mini.jpg
I, [2013-03-06T17:23:26.726974 #89419]  INFO -- : 01ab259e8eee8a5375c981ca6be68415_preview.jpg
I, [2013-03-06T17:23:28.594458 #89419]  INFO -- : 01ab259e8eee8a5375c981ca6be68415_small.jpg
I, [2013-03-06T17:23:30.979161 #89419]  INFO -- : 01ab259e8eee8a5375c981ca6be68415_thumb.jpg
I, [2013-03-06T17:23:32.367585 #89419]  INFO -- : 01cb30df10a3a2431449d061d8a1555e.jpg
I, [2013-03-06T17:23:38.206414 #89419]  INFO -- : 01cb30df10a3a2431449d061d8a1555e_hd.jpg
I, [2013-03-06T17:23:43.867813 #89419]  INFO -- : 01cb30df10a3a2431449d061d8a1555e_large.jpg
I, [2013-03-06T17:23:49.694829 #89419]  INFO -- : 01cb30df10a3a2431449d061d8a1555e_large_mobile.jpg
I, [2013-03-06T17:23:52.959226 #89419]  INFO -- : 01cb30df10a3a2431449d061d8a1555e_medium.jpg
I, [2013-03-06T17:23:56.609082 #89419]  INFO -- : 01cb30df10a3a2431449d061d8a1555e_medium_mobile.jpg
I, [2013-03-06T17:23:58.829295 #89419]  INFO -- : 01cb30df10a3a2431449d061d8a1555e_mini.jpg
I, [2013-03-06T17:24:00.115340 #89419]  INFO -- : 01cb30df10a3a2431449d061d8a1555e_preview.jpg
I, [2013-03-06T17:24:01.809118 #89419]  INFO -- : 01cb30df10a3a2431449d061d8a1555e_small.jpg
I, [2013-03-06T17:24:03.926732 #89419]  INFO -- : 01cb30df10a3a2431449d061d8a1555e_thumb.jpg
I, [2013-03-06T17:24:06.243257 #89419]  INFO -- : 01cd89a1be1761ea33c2ffcb0cb2c3c3.jpg
I, [2013-03-06T17:24:07.583346 #89419]  INFO -- : 01cd89a1be1761ea33c2ffcb0cb2c3c3_large.jpg
I, [2013-03-06T17:24:09.015350 #89419]  INFO -- : 01cd89a1be1761ea33c2ffcb0cb2c3c3_medium.jpg
I, [2013-03-06T17:24:10.460724 #89419]  INFO -- : 01cd89a1be1761ea33c2ffcb0cb2c3c3_mini.jpg
I, [2013-03-06T17:24:11.632119 #89419]  INFO -- : 01cd89a1be1761ea33c2ffcb0cb2c3c3_preview.jpg
I, [2013-03-06T17:24:13.125004 #89419]  INFO -- : 01cd89a1be1761ea33c2ffcb0cb2c3c3_small.jpg
I, [2013-03-06T17:24:14.513234 #89419]  INFO -- : 01cd89a1be1761ea33c2ffcb0cb2c3c3_thumb.jpg
I, [2013-03-06T17:24:15.849101 #89419]  INFO -- : 01ed7e0ab12fa3e41fdc24e2b48d7ecb.jpg
I, [2013-03-06T17:25:15.966625 #89419]  INFO -- : 01ed7e0ab12fa3e41fdc24e2b48d7ecb_hd.jpg
I, [2013-03-06T17:25:25.955619 #89419]  INFO -- : 01ed7e0ab12fa3e41fdc24e2b48d7ecb_large.jpg
I, [2013-03-06T17:25:32.924752 #89419]  INFO -- : 01ed7e0ab12fa3e41fdc24e2b48d7ecb_medium.jpg
I, [2013-03-06T17:25:37.517275 #89419]  INFO -- : 01ed7e0ab12fa3e41fdc24e2b48d7ecb_mini.jpg
I, [2013-03-06T17:25:39.694086 #89419]  INFO -- : 01ed7e0ab12fa3e41fdc24e2b48d7ecb_preview.jpg
I, [2013-03-06T17:25:42.187490 #89419]  INFO -- : 01ed7e0ab12fa3e41fdc24e2b48d7ecb_small.jpg
I, [2013-03-06T17:25:45.077339 #89419]  INFO -- : 01ed7e0ab12fa3e41fdc24e2b48d7ecb_thumb.jpg
I, [2013-03-06T17:25:47.190622 #89419]  INFO -- : 01f0e0c441dcbc76a7fbb2961c91edc2.jpg
I, [2013-03-06T17:43:04.013204 #90173]  INFO -- : 01f0e0c441dcbc76a7fbb2961c91edc2.jpg
I, [2013-03-06T17:43:04.018248 #90173]  INFO -- : 01f0e0c441dcbc76a7fbb2961c91edc2_hd.jpg
I, [2013-03-06T17:43:04.022237 #90173]  INFO -- : 01f0e0c441dcbc76a7fbb2961c91edc2_large.jpg
I, [2013-03-06T17:43:04.025370 #90173]  INFO -- : 01f0e0c441dcbc76a7fbb2961c91edc2_large_mobile.jpg
I, [2013-03-06T17:43:04.029708 #90173]  INFO -- : 01f0e0c441dcbc76a7fbb2961c91edc2_medium.jpg
I, [2013-03-06T17:43:07.870888 #90173]  INFO -- : 01f0e0c441dcbc76a7fbb2961c91edc2_medium_mobile.jpg
I, [2013-03-06T17:43:14.277334 #90173]  INFO -- : 01f0e0c441dcbc76a7fbb2961c91edc2_mini.jpg
I, [2013-03-06T17:43:14.297373 #90173]  INFO -- : 01f0e0c441dcbc76a7fbb2961c91edc2_preview.jpg
I, [2013-03-06T17:43:14.539952 #90173]  INFO -- : 01f0e0c441dcbc76a7fbb2961c91edc2_small.jpg
I, [2013-03-06T17:43:15.435927 #90173]  INFO -- : 01f0e0c441dcbc76a7fbb2961c91edc2_thumb.jpg
I, [2013-03-06T17:43:16.595077 #90173]  INFO -- : 01fa92d5ad008116bb799cfaf52c2885.jpg
I, [2013-03-06T17:43:16.632528 #90173]  INFO -- : 01fa92d5ad008116bb799cfaf52c2885_hd.jpg
I, [2013-03-06T17:43:16.699510 #90173]  INFO -- : 01fa92d5ad008116bb799cfaf52c2885_large.jpg
I, [2013-03-06T17:43:17.542366 #90173]  INFO -- : 01fa92d5ad008116bb799cfaf52c2885_large_mobile.jpg
I, [2013-03-06T17:43:17.641100 #90173]  INFO -- : 01fa92d5ad008116bb799cfaf52c2885_medium.jpg
I, [2013-03-06T17:43:28.383140 #90173]  INFO -- : 01fa92d5ad008116bb799cfaf52c2885_medium_mobile.jpg
I, [2013-03-06T17:43:28.975159 #90173]  INFO -- : 01fa92d5ad008116bb799cfaf52c2885_mini.jpg
I, [2013-03-06T17:43:32.209637 #90173]  INFO -- : 01fa92d5ad008116bb799cfaf52c2885_preview.jpg
I, [2013-03-06T17:43:33.511856 #90173]  INFO -- : 01fa92d5ad008116bb799cfaf52c2885_small.jpg
I, [2013-03-06T17:43:35.856316 #90173]  INFO -- : 01fa92d5ad008116bb799cfaf52c2885_thumb.jpg
I, [2013-03-06T17:43:36.212311 #90173]  INFO -- : 0208b3c105aeb62ff52b281c20402da8.jpg
I, [2013-03-06T17:43:36.377368 #90173]  INFO -- : 0208b3c105aeb62ff52b281c20402da8_large.jpg
I, [2013-03-06T17:43:36.957329 #90173]  INFO -- : 0208b3c105aeb62ff52b281c20402da8_medium.jpg
I, [2013-03-06T17:43:37.063180 #90173]  INFO -- : 0208b3c105aeb62ff52b281c20402da8_mini.jpg
I, [2013-03-06T17:43:37.397636 #90173]  INFO -- : 0208b3c105aeb62ff52b281c20402da8_preview.jpg
I, [2013-03-06T17:43:37.717965 #90173]  INFO -- : 0208b3c105aeb62ff52b281c20402da8_small.jpg
I, [2013-03-06T17:43:37.909351 #90173]  INFO -- : 0208b3c105aeb62ff52b281c20402da8_thumb.jpg
I, [2013-03-06T17:43:38.315580 #90173]  INFO -- : 021b3ed7628e5b3780c7bc2619fea57f.jpg
I, [2013-03-06T17:43:38.417510 #90173]  INFO -- : 021b3ed7628e5b3780c7bc2619fea57f_hd.jpg
I, [2013-03-06T17:43:38.789147 #90173]  INFO -- : 021b3ed7628e5b3780c7bc2619fea57f_large.jpg
I, [2013-03-06T17:43:39.228892 #90173]  INFO -- : 021b3ed7628e5b3780c7bc2619fea57f_medium.jpg
I, [2013-03-06T17:43:39.282004 #90173]  INFO -- : 021b3ed7628e5b3780c7bc2619fea57f_mini.jpg
I, [2013-03-06T17:43:42.644894 #90173]  INFO -- : 021b3ed7628e5b3780c7bc2619fea57f_preview.jpg
I, [2013-03-06T17:43:49.100367 #90173]  INFO -- : 021b3ed7628e5b3780c7bc2619fea57f_small.jpg
I, [2013-03-06T17:43:50.418294 #90173]  INFO -- : 021b3ed7628e5b3780c7bc2619fea57f_thumb.jpg
I, [2013-03-06T17:43:52.513299 #90173]  INFO -- : 0220d74789b7d8c62581f178f57eab68.jpg
I, [2013-03-06T17:43:55.427429 #90173]  INFO -- : 0220d74789b7d8c62581f178f57eab68_large.jpg
I, [2013-03-06T17:43:55.758523 #90173]  INFO -- : 0220d74789b7d8c62581f178f57eab68_medium.jpg
I, [2013-03-06T17:43:55.867189 #90173]  INFO -- : 0220d74789b7d8c62581f178f57eab68_mini.jpg
I, [2013-03-06T17:43:55.953327 #90173]  INFO -- : 0220d74789b7d8c62581f178f57eab68_preview.jpg
I, [2013-03-06T17:43:56.953894 #90173]  INFO -- : 0220d74789b7d8c62581f178f57eab68_small.jpg
I, [2013-03-06T17:43:57.088257 #90173]  INFO -- : 0220d74789b7d8c62581f178f57eab68_thumb.jpg
I, [2013-03-06T17:43:57.244513 #90173]  INFO -- : 022403b79f9480f877a4c2cddb57f8bb.jpg
I, [2013-03-06T17:43:57.348342 #90173]  INFO -- : 022403b79f9480f877a4c2cddb57f8bb_hd.jpg
I, [2013-03-06T17:43:59.173879 #90173]  INFO -- : 022403b79f9480f877a4c2cddb57f8bb_large.jpg
I, [2013-03-06T17:43:59.308375 #90173]  INFO -- : 022403b79f9480f877a4c2cddb57f8bb_medium.jpg
I, [2013-03-06T17:44:12.069804 #90173]  INFO -- : 022403b79f9480f877a4c2cddb57f8bb_mini.jpg
I, [2013-03-06T17:44:19.039590 #90173]  INFO -- : 022403b79f9480f877a4c2cddb57f8bb_preview.jpg
I, [2013-03-06T17:44:19.943131 #90173]  INFO -- : 022403b79f9480f877a4c2cddb57f8bb_small.jpg
I, [2013-03-06T17:44:26.761186 #90173]  INFO -- : 022403b79f9480f877a4c2cddb57f8bb_thumb.jpg
I, [2013-03-06T17:44:31.039057 #90173]  INFO -- : 022f9ef7732fc7d6b8b69853def22287.jpg
I, [2013-03-06T17:44:32.372686 #90173]  INFO -- : 022f9ef7732fc7d6b8b69853def22287_large.jpg
I, [2013-03-06T17:44:34.256510 #90173]  INFO -- : 022f9ef7732fc7d6b8b69853def22287_medium.jpg
